# JRE version: OpenJDK Runtime Environment (8.0_272-b10) (build 1.8.0_272-b10)
# Java VM: OpenJDK 64-Bit Server VM (25.272-b10 mixed mode windows-amd64 compressed oops)
Heap:
 PSYoungGen      total 221184K, used 10156K [0x00000000d5f80000, 0x00000000e4a80000, 0x0000000100000000)
  eden space 210432K, 4% used [0x00000000d5f80000,0x00000000d696b230,0x00000000e2d00000)
  from space 10752K, 0% used [0x00000000e4000000,0x00000000e4000000,0x00000000e4a80000)
  to   space 13312K, 0% used [0x00000000e3080000,0x00000000e3080000,0x00000000e3d80000)
 ParOldGen       total 77312K, used 15392K [0x0000000081e00000, 0x0000000086980000, 0x00000000d5f80000)
  object space 77312K, 19% used [0x0000000081e00000,0x0000000082d083f0,0x0000000086980000)
 Metaspace       used 36089K, capacity 38352K, committed 38616K, reserved 1083392K
  class space    used 4633K, capacity 5046K, committed 5120K, reserved 1048576K
GC Heap History (10 events):
Event: 5.181 GC heap before
{Heap before GC invocations=6 (full 0):
 PSYoungGen      total 71680K, used 9894K [0x00000000d5f80000, 0x00000000df580000, 0x0000000100000000)
  eden space 66560K, 7% used [0x00000000d5f80000,0x00000000d642df98,0x00000000da080000)
  from space 5120K, 99% used [0x00000000da080000,0x00000000da57bb08,0x00000000da580000)
  to   space 10240K, 0% used [0x00000000deb80000,0x00000000deb80000,0x00000000df580000)
 ParOldGen       total 87552K, used 6550K [0x0000000081e00000, 0x0000000087380000, 0x00000000d5f80000)
  object space 87552K, 7% used [0x0000000081e00000,0x0000000082465840,0x0000000087380000)
 Metaspace       used 20263K, capacity 21176K, committed 21248K, reserved 1067008K
  class space    used 2546K, capacity 2764K, committed 2816K, reserved 1048576K
Event: 5.202 GC heap after
Heap after GC invocations=6 (full 0):
 PSYoungGen      total 142336K, used 5501K [0x00000000d5f80000, 0x00000000df480000, 0x0000000100000000)
  eden space 133120K, 0% used [0x00000000d5f80000,0x00000000d5f80000,0x00000000de180000)
  from space 9216K, 59% used [0x00000000deb80000,0x00000000df0df418,0x00000000df480000)
  to   space 9728K, 0% used [0x00000000de180000,0x00000000de180000,0x00000000deb00000)
 ParOldGen       total 87552K, used 6558K [0x0000000081e00000, 0x0000000087380000, 0x00000000d5f80000)
  object space 87552K, 7% used [0x0000000081e00000,0x0000000082467840,0x0000000087380000)
 Metaspace       used 20263K, capacity 21176K, committed 21248K, reserved 1067008K
  class space    used 2546K, capacity 2764K, committed 2816K, reserved 1048576K
}
Event: 5.202 GC heap before
{Heap before GC invocations=7 (full 1):
 PSYoungGen      total 142336K, used 5501K [0x00000000d5f80000, 0x00000000df480000, 0x0000000100000000)
  eden space 133120K, 0% used [0x00000000d5f80000,0x00000000d5f80000,0x00000000de180000)
  from space 9216K, 59% used [0x00000000deb80000,0x00000000df0df418,0x00000000df480000)
  to   space 9728K, 0% used [0x00000000de180000,0x00000000de180000,0x00000000deb00000)
 ParOldGen       total 87552K, used 6558K [0x0000000081e00000, 0x0000000087380000, 0x00000000d5f80000)
  object space 87552K, 7% used [0x0000000081e00000,0x0000000082467840,0x0000000087380000)
 Metaspace       used 20263K, capacity 21176K, committed 21248K, reserved 1067008K
  class space    used 2546K, capacity 2764K, committed 2816K, reserved 1048576K
Event: 5.300 GC heap after
Heap after GC invocations=7 (full 1):
 PSYoungGen      total 142336K, used 0K [0x00000000d5f80000, 0x00000000df480000, 0x0000000100000000)
  eden space 133120K, 0% used [0x00000000d5f80000,0x00000000d5f80000,0x00000000de180000)
  from space 9216K, 0% used [0x00000000deb80000,0x00000000deb80000,0x00000000df480000)
  to   space 9728K, 0% used [0x00000000de180000,0x00000000de180000,0x00000000deb00000)
 ParOldGen       total 53248K, used 5830K [0x0000000081e00000, 0x0000000085200000, 0x00000000d5f80000)
  object space 53248K, 10% used [0x0000000081e00000,0x00000000823b1b10,0x0000000085200000)
 Metaspace       used 20263K, capacity 21176K, committed 21248K, reserved 1067008K
  class space    used 2546K, capacity 2764K, committed 2816K, reserved 1048576K
}
Event: 11.246 GC heap before
{Heap before GC invocations=8 (full 1):
 PSYoungGen      total 142336K, used 133113K [0x00000000d5f80000, 0x00000000df480000, 0x0000000100000000)
  eden space 133120K, 99% used [0x00000000d5f80000,0x00000000de17e7c0,0x00000000de180000)
  from space 9216K, 0% used [0x00000000deb80000,0x00000000deb80000,0x00000000df480000)
  to   space 9728K, 0% used [0x00000000de180000,0x00000000de180000,0x00000000deb00000)
 ParOldGen       total 53248K, used 5830K [0x0000000081e00000, 0x0000000085200000, 0x00000000d5f80000)
  object space 53248K, 10% used [0x0000000081e00000,0x00000000823b1b10,0x0000000085200000)
 Metaspace       used 28518K, capacity 30570K, committed 30848K, reserved 1075200K
  class space    used 3701K, capacity 4105K, committed 4224K, reserved 1048576K
Event: 11.265 GC heap after
Heap after GC invocations=8 (full 1):
 PSYoungGen      total 142848K, used 9701K [0x00000000d5f80000, 0x00000000e4c00000, 0x0000000100000000)
  eden space 133120K, 0% used [0x00000000d5f80000,0x00000000d5f80000,0x00000000de180000)
  from space 9728K, 99% used [0x00000000de180000,0x00000000deaf9470,0x00000000deb00000)
  to   space 12288K, 0% used [0x00000000e4000000,0x00000000e4000000,0x00000000e4c00000)
 ParOldGen       total 53248K, used 8210K [0x0000000081e00000, 0x0000000085200000, 0x00000000d5f80000)
  object space 53248K, 15% used [0x0000000081e00000,0x0000000082604990,0x0000000085200000)
 Metaspace       used 28518K, capacity 30570K, committed 30848K, reserved 1075200K
  class space    used 3701K, capacity 4105K, committed 4224K, reserved 1048576K
}
Event: 21.070 GC heap before
{Heap before GC invocations=9 (full 1):
 PSYoungGen      total 142848K, used 96907K [0x00000000d5f80000, 0x00000000e4c00000, 0x0000000100000000)
  eden space 133120K, 65% used [0x00000000d5f80000,0x00000000db4a9918,0x00000000de180000)
  from space 9728K, 99% used [0x00000000de180000,0x00000000deaf9470,0x00000000deb00000)
  to   space 12288K, 0% used [0x00000000e4000000,0x00000000e4000000,0x00000000e4c00000)
 ParOldGen       total 53248K, used 8210K [0x0000000081e00000, 0x0000000085200000, 0x00000000d5f80000)
  object space 53248K, 15% used [0x0000000081e00000,0x0000000082604990,0x0000000085200000)
 Metaspace       used 33097K, capacity 35328K, committed 35416K, reserved 1079296K
  class space    used 4236K, capacity 4682K, committed 4736K, reserved 1048576K
Event: 21.123 GC heap after
Heap after GC invocations=9 (full 1):
 PSYoungGen      total 221184K, used 10713K [0x00000000d5f80000, 0x00000000e4a80000, 0x0000000100000000)
  eden space 210432K, 0% used [0x00000000d5f80000,0x00000000d5f80000,0x00000000e2d00000)
  from space 10752K, 99% used [0x00000000e4000000,0x00000000e4a76730,0x00000000e4a80000)
  to   space 13312K, 0% used [0x00000000e3080000,0x00000000e3080000,0x00000000e3d80000)
 ParOldGen       total 53248K, used 8218K [0x0000000081e00000, 0x0000000085200000, 0x00000000d5f80000)
  object space 53248K, 15% used [0x0000000081e00000,0x0000000082606990,0x0000000085200000)
 Metaspace       used 33097K, capacity 35328K, committed 35416K, reserved 1079296K
  class space    used 4236K, capacity 4682K, committed 4736K, reserved 1048576K
}
Event: 21.123 GC heap before
{Heap before GC invocations=10 (full 2):
 PSYoungGen      total 221184K, used 10713K [0x00000000d5f80000, 0x00000000e4a80000, 0x0000000100000000)
  eden space 210432K, 0% used [0x00000000d5f80000,0x00000000d5f80000,0x00000000e2d00000)
  from space 10752K, 99% used [0x00000000e4000000,0x00000000e4a76730,0x00000000e4a80000)
  to   space 13312K, 0% used [0x00000000e3080000,0x00000000e3080000,0x00000000e3d80000)
 ParOldGen       total 53248K, used 8218K [0x0000000081e00000, 0x0000000085200000, 0x00000000d5f80000)
  object space 53248K, 15% used [0x0000000081e00000,0x0000000082606990,0x0000000085200000)
 Metaspace       used 33097K, capacity 35328K, committed 35416K, reserved 1079296K
  class space    used 4236K, capacity 4682K, committed 4736K, reserved 1048576K
Event: 21.219 GC heap after
Heap after GC invocations=10 (full 2):
 PSYoungGen      total 221184K, used 0K [0x00000000d5f80000, 0x00000000e4a80000, 0x0000000100000000)
  eden space 210432K, 0% used [0x00000000d5f80000,0x00000000d5f80000,0x00000000e2d00000)
  from space 10752K, 0% used [0x00000000e4000000,0x00000000e4000000,0x00000000e4a80000)
  to   space 13312K, 0% used [0x00000000e3080000,0x00000000e3080000,0x00000000e3d80000)
 ParOldGen       total 77312K, used 15392K [0x0000000081e00000, 0x0000000086980000, 0x00000000d5f80000)
  object space 77312K, 19% used [0x0000000081e00000,0x0000000082d083f0,0x0000000086980000)
 Metaspace       used 33097K, capacity 35328K, committed 35416K, reserved 1079296K
  class space    used 4236K, capacity 4682K, committed 4736K, reserved 1048576K
}

