# JRE version: OpenJDK Runtime Environment (8.0_272-b10) (build 1.8.0_272-b10)
# Java VM: OpenJDK 64-Bit Server VM (25.272-b10 mixed mode windows-amd64 compressed oops)
Heap:
 PSYoungGen      total 142336K, used 43552K [0x00000000d5f80000, 0x00000000df480000, 0x0000000100000000)
  eden space 133120K, 32% used [0x00000000d5f80000,0x00000000d8a08198,0x00000000de180000)
  from space 9216K, 0% used [0x00000000deb80000,0x00000000deb80000,0x00000000df480000)
  to   space 9728K, 0% used [0x00000000de180000,0x00000000de180000,0x00000000deb00000)
 ParOldGen       total 49664K, used 5828K [0x0000000081e00000, 0x0000000084e80000, 0x00000000d5f80000)
  object space 49664K, 11% used [0x0000000081e00000,0x00000000823b1230,0x0000000084e80000)
 Metaspace       used 22504K, capacity 23784K, committed 23936K, reserved 1071104K
  class space    used 2846K, capacity 3107K, committed 3200K, reserved 1048576K
GC Heap History (10 events):
Event: 3.619 GC heap before
{Heap before GC invocations=3 (full 0):
 PSYoungGen      total 38400K, used 36224K [0x00000000d5f80000, 0x00000000daa80000, 0x0000000100000000)
  eden space 33280K, 100% used [0x00000000d5f80000,0x00000000d8000000,0x00000000d8000000)
  from space 5120K, 57% used [0x00000000d8500000,0x00000000d87e02c0,0x00000000d8a00000)
  to   space 5120K, 0% used [0x00000000d8000000,0x00000000d8000000,0x00000000d8500000)
 ParOldGen       total 87552K, used 16K [0x0000000081e00000, 0x0000000087380000, 0x00000000d5f80000)
  object space 87552K, 0% used [0x0000000081e00000,0x0000000081e04000,0x0000000087380000)
 Metaspace       used 12758K, capacity 13470K, committed 13568K, reserved 1060864K
  class space    used 1592K, capacity 1766K, committed 1792K, reserved 1048576K
Event: 3.639 GC heap after
Heap after GC invocations=3 (full 0):
 PSYoungGen      total 38400K, used 5110K [0x00000000d5f80000, 0x00000000daa80000, 0x0000000100000000)
  eden space 33280K, 0% used [0x00000000d5f80000,0x00000000d5f80000,0x00000000d8000000)
  from space 5120K, 99% used [0x00000000d8000000,0x00000000d84fd970,0x00000000d8500000)
  to   space 5120K, 0% used [0x00000000da580000,0x00000000da580000,0x00000000daa80000)
 ParOldGen       total 87552K, used 802K [0x0000000081e00000, 0x0000000087380000, 0x00000000d5f80000)
  object space 87552K, 0% used [0x0000000081e00000,0x0000000081ec8b10,0x0000000087380000)
 Metaspace       used 12758K, capacity 13470K, committed 13568K, reserved 1060864K
  class space    used 1592K, capacity 1766K, committed 1792K, reserved 1048576K
}
Event: 4.284 GC heap before
{Heap before GC invocations=4 (full 0):
 PSYoungGen      total 38400K, used 38390K [0x00000000d5f80000, 0x00000000daa80000, 0x0000000100000000)
  eden space 33280K, 100% used [0x00000000d5f80000,0x00000000d8000000,0x00000000d8000000)
  from space 5120K, 99% used [0x00000000d8000000,0x00000000d84fd970,0x00000000d8500000)
  to   space 5120K, 0% used [0x00000000da580000,0x00000000da580000,0x00000000daa80000)
 ParOldGen       total 87552K, used 802K [0x0000000081e00000, 0x0000000087380000, 0x00000000d5f80000)
  object space 87552K, 0% used [0x0000000081e00000,0x0000000081ec8b10,0x0000000087380000)
 Metaspace       used 17137K, capacity 17908K, committed 18304K, reserved 1064960K
  class space    used 2127K, capacity 2323K, committed 2432K, reserved 1048576K
Event: 4.316 GC heap after
Heap after GC invocations=4 (full 0):
 PSYoungGen      total 71680K, used 5110K [0x00000000d5f80000, 0x00000000daa80000, 0x0000000100000000)
  eden space 66560K, 0% used [0x00000000d5f80000,0x00000000d5f80000,0x00000000da080000)
  from space 5120K, 99% used [0x00000000da580000,0x00000000daa7d910,0x00000000daa80000)
  to   space 5120K, 0% used [0x00000000da080000,0x00000000da080000,0x00000000da580000)
 ParOldGen       total 87552K, used 3615K [0x0000000081e00000, 0x0000000087380000, 0x00000000d5f80000)
  object space 87552K, 4% used [0x0000000081e00000,0x0000000082187e08,0x0000000087380000)
 Metaspace       used 17137K, capacity 17908K, committed 18304K, reserved 1064960K
  class space    used 2127K, capacity 2323K, committed 2432K, reserved 1048576K
}
Event: 5.193 GC heap before
{Heap before GC invocations=5 (full 0):
 PSYoungGen      total 71680K, used 71670K [0x00000000d5f80000, 0x00000000daa80000, 0x0000000100000000)
  eden space 66560K, 100% used [0x00000000d5f80000,0x00000000da080000,0x00000000da080000)
  from space 5120K, 99% used [0x00000000da580000,0x00000000daa7d910,0x00000000daa80000)
  to   space 5120K, 0% used [0x00000000da080000,0x00000000da080000,0x00000000da580000)
 ParOldGen       total 87552K, used 3615K [0x0000000081e00000, 0x0000000087380000, 0x00000000d5f80000)
  object space 87552K, 4% used [0x0000000081e00000,0x0000000082187e08,0x0000000087380000)
 Metaspace       used 20023K, capacity 20966K, committed 21248K, reserved 1067008K
  class space    used 2513K, capacity 2746K, committed 2816K, reserved 1048576K
Event: 5.228 GC heap after
Heap after GC invocations=5 (full 0):
 PSYoungGen      total 71680K, used 5102K [0x00000000d5f80000, 0x00000000df580000, 0x0000000100000000)
  eden space 66560K, 0% used [0x00000000d5f80000,0x00000000d5f80000,0x00000000da080000)
  from space 5120K, 99% used [0x00000000da080000,0x00000000da57bb08,0x00000000da580000)
  to   space 10240K, 0% used [0x00000000deb80000,0x00000000deb80000,0x00000000df580000)
 ParOldGen       total 87552K, used 6405K [0x0000000081e00000, 0x0000000087380000, 0x00000000d5f80000)
  object space 87552K, 7% used [0x0000000081e00000,0x00000000824414e0,0x0000000087380000)
 Metaspace       used 20023K, capacity 20966K, committed 21248K, reserved 1067008K
  class space    used 2513K, capacity 2746K, committed 2816K, reserved 1048576K
}
Event: 5.425 GC heap before
{Heap before GC invocations=6 (full 0):
 PSYoungGen      total 71680K, used 9884K [0x00000000d5f80000, 0x00000000df580000, 0x0000000100000000)
  eden space 66560K, 7% used [0x00000000d5f80000,0x00000000d642b608,0x00000000da080000)
  from space 5120K, 99% used [0x00000000da080000,0x00000000da57bb08,0x00000000da580000)
  to   space 10240K, 0% used [0x00000000deb80000,0x00000000deb80000,0x00000000df580000)
 ParOldGen       total 87552K, used 6405K [0x0000000081e00000, 0x0000000087380000, 0x00000000d5f80000)
  object space 87552K, 7% used [0x0000000081e00000,0x00000000824414e0,0x0000000087380000)
 Metaspace       used 20243K, capacity 21172K, committed 21248K, reserved 1067008K
  class space    used 2541K, capacity 2764K, committed 2816K, reserved 1048576K
Event: 5.438 GC heap after
Heap after GC invocations=6 (full 0):
 PSYoungGen      total 142336K, used 5511K [0x00000000d5f80000, 0x00000000df480000, 0x0000000100000000)
  eden space 133120K, 0% used [0x00000000d5f80000,0x00000000d5f80000,0x00000000de180000)
  from space 9216K, 59% used [0x00000000deb80000,0x00000000df0e1d60,0x00000000df480000)
  to   space 9728K, 0% used [0x00000000de180000,0x00000000de180000,0x00000000deb00000)
 ParOldGen       total 87552K, used 6413K [0x0000000081e00000, 0x0000000087380000, 0x00000000d5f80000)
  object space 87552K, 7% used [0x0000000081e00000,0x00000000824434e0,0x0000000087380000)
 Metaspace       used 20243K, capacity 21172K, committed 21248K, reserved 1067008K
  class space    used 2541K, capacity 2764K, committed 2816K, reserved 1048576K
}
Event: 5.438 GC heap before
{Heap before GC invocations=7 (full 1):
 PSYoungGen      total 142336K, used 5511K [0x00000000d5f80000, 0x00000000df480000, 0x0000000100000000)
  eden space 133120K, 0% used [0x00000000d5f80000,0x00000000d5f80000,0x00000000de180000)
  from space 9216K, 59% used [0x00000000deb80000,0x00000000df0e1d60,0x00000000df480000)
  to   space 9728K, 0% used [0x00000000de180000,0x00000000de180000,0x00000000deb00000)
 ParOldGen       total 87552K, used 6413K [0x0000000081e00000, 0x0000000087380000, 0x00000000d5f80000)
  object space 87552K, 7% used [0x0000000081e00000,0x00000000824434e0,0x0000000087380000)
 Metaspace       used 20243K, capacity 21172K, committed 21248K, reserved 1067008K
  class space    used 2541K, capacity 2764K, committed 2816K, reserved 1048576K
Event: 5.485 GC heap after
Heap after GC invocations=7 (full 1):
 PSYoungGen      total 142336K, used 0K [0x00000000d5f80000, 0x00000000df480000, 0x0000000100000000)
  eden space 133120K, 0% used [0x00000000d5f80000,0x00000000d5f80000,0x00000000de180000)
  from space 9216K, 0% used [0x00000000deb80000,0x00000000deb80000,0x00000000df480000)
  to   space 9728K, 0% used [0x00000000de180000,0x00000000de180000,0x00000000deb00000)
 ParOldGen       total 49664K, used 5828K [0x0000000081e00000, 0x0000000084e80000, 0x00000000d5f80000)
  object space 49664K, 11% used [0x0000000081e00000,0x00000000823b1230,0x0000000084e80000)
 Metaspace       used 20243K, capacity 21172K, committed 21248K, reserved 1067008K
  class space    used 2541K, capacity 2764K, committed 2816K, reserved 1048576K
}

