# JRE version: OpenJDK Runtime Environment (8.0_272-b10) (build 1.8.0_272-b10)
# Java VM: OpenJDK 64-Bit Server VM (25.272-b10 mixed mode windows-amd64 compressed oops)
Heap:
 PSYoungGen      total 139264K, used 74412K [0x00000000d5f80000, 0x00000000e4c00000, 0x0000000100000000)
  eden space 130048K, 57% used [0x00000000d5f80000,0x00000000da82b300,0x00000000dde80000)
  from space 9216K, 0% used [0x00000000deb80000,0x00000000deb80000,0x00000000df480000)
  to   space 13312K, 0% used [0x00000000dde80000,0x00000000dde80000,0x00000000deb80000)
 ParOldGen       total 77824K, used 15354K [0x0000000081e00000, 0x0000000086a00000, 0x00000000d5f80000)
  object space 77824K, 19% used [0x0000000081e00000,0x0000000082cfea20,0x0000000086a00000)
 Metaspace       used 41600K, capacity 43972K, committed 44120K, reserved 1087488K
  class space    used 5535K, capacity 5952K, committed 6016K, reserved 1048576K
GC Heap History (10 events):
Event: 4.505 GC heap before
{Heap before GC invocations=6 (full 0):
 PSYoungGen      total 71680K, used 10473K [0x00000000d5f80000, 0x00000000df580000, 0x0000000100000000)
  eden space 66560K, 8% used [0x00000000d5f80000,0x00000000d64bc260,0x00000000da080000)
  from space 5120K, 99% used [0x00000000da080000,0x00000000da57e430,0x00000000da580000)
  to   space 10240K, 0% used [0x00000000deb80000,0x00000000deb80000,0x00000000df580000)
 ParOldGen       total 87552K, used 6456K [0x0000000081e00000, 0x0000000087380000, 0x00000000d5f80000)
  object space 87552K, 7% used [0x0000000081e00000,0x000000008244e1d0,0x0000000087380000)
 Metaspace       used 20236K, capacity 21176K, committed 21248K, reserved 1067008K
  class space    used 2545K, capacity 2764K, committed 2816K, reserved 1048576K
Event: 4.512 GC heap after
Heap after GC invocations=6 (full 0):
 PSYoungGen      total 142336K, used 5645K [0x00000000d5f80000, 0x00000000df480000, 0x0000000100000000)
  eden space 133120K, 0% used [0x00000000d5f80000,0x00000000d5f80000,0x00000000de180000)
  from space 9216K, 61% used [0x00000000deb80000,0x00000000df103408,0x00000000df480000)
  to   space 9728K, 0% used [0x00000000de180000,0x00000000de180000,0x00000000deb00000)
 ParOldGen       total 87552K, used 6464K [0x0000000081e00000, 0x0000000087380000, 0x00000000d5f80000)
  object space 87552K, 7% used [0x0000000081e00000,0x00000000824501d0,0x0000000087380000)
 Metaspace       used 20236K, capacity 21176K, committed 21248K, reserved 1067008K
  class space    used 2545K, capacity 2764K, committed 2816K, reserved 1048576K
}
Event: 4.512 GC heap before
{Heap before GC invocations=7 (full 1):
 PSYoungGen      total 142336K, used 5645K [0x00000000d5f80000, 0x00000000df480000, 0x0000000100000000)
  eden space 133120K, 0% used [0x00000000d5f80000,0x00000000d5f80000,0x00000000de180000)
  from space 9216K, 61% used [0x00000000deb80000,0x00000000df103408,0x00000000df480000)
  to   space 9728K, 0% used [0x00000000de180000,0x00000000de180000,0x00000000deb00000)
 ParOldGen       total 87552K, used 6464K [0x0000000081e00000, 0x0000000087380000, 0x00000000d5f80000)
  object space 87552K, 7% used [0x0000000081e00000,0x00000000824501d0,0x0000000087380000)
 Metaspace       used 20236K, capacity 21176K, committed 21248K, reserved 1067008K
  class space    used 2545K, capacity 2764K, committed 2816K, reserved 1048576K
Event: 4.565 GC heap after
Heap after GC invocations=7 (full 1):
 PSYoungGen      total 142336K, used 0K [0x00000000d5f80000, 0x00000000df480000, 0x0000000100000000)
  eden space 133120K, 0% used [0x00000000d5f80000,0x00000000d5f80000,0x00000000de180000)
  from space 9216K, 0% used [0x00000000deb80000,0x00000000deb80000,0x00000000df480000)
  to   space 9728K, 0% used [0x00000000de180000,0x00000000de180000,0x00000000deb00000)
 ParOldGen       total 52736K, used 5866K [0x0000000081e00000, 0x0000000085180000, 0x00000000d5f80000)
  object space 52736K, 11% used [0x0000000081e00000,0x00000000823ba8c0,0x0000000085180000)
 Metaspace       used 20236K, capacity 21176K, committed 21248K, reserved 1067008K
  class space    used 2545K, capacity 2764K, committed 2816K, reserved 1048576K
}
Event: 9.682 GC heap before
{Heap before GC invocations=8 (full 1):
 PSYoungGen      total 142336K, used 133059K [0x00000000d5f80000, 0x00000000df480000, 0x0000000100000000)
  eden space 133120K, 99% used [0x00000000d5f80000,0x00000000de170f80,0x00000000de180000)
  from space 9216K, 0% used [0x00000000deb80000,0x00000000deb80000,0x00000000df480000)
  to   space 9728K, 0% used [0x00000000de180000,0x00000000de180000,0x00000000deb00000)
 ParOldGen       total 52736K, used 5866K [0x0000000081e00000, 0x0000000085180000, 0x00000000d5f80000)
  object space 52736K, 11% used [0x0000000081e00000,0x00000000823ba8c0,0x0000000085180000)
 Metaspace       used 28480K, capacity 30506K, committed 30848K, reserved 1075200K
  class space    used 3699K, capacity 4105K, committed 4224K, reserved 1048576K
Event: 9.710 GC heap after
Heap after GC invocations=8 (full 1):
 PSYoungGen      total 142848K, used 9711K [0x00000000d5f80000, 0x00000000df480000, 0x0000000100000000)
  eden space 133120K, 0% used [0x00000000d5f80000,0x00000000d5f80000,0x00000000de180000)
  from space 9728K, 99% used [0x00000000de180000,0x00000000deafbec0,0x00000000deb00000)
  to   space 9216K, 0% used [0x00000000deb80000,0x00000000deb80000,0x00000000df480000)
 ParOldGen       total 52736K, used 8382K [0x0000000081e00000, 0x0000000085180000, 0x00000000d5f80000)
  object space 52736K, 15% used [0x0000000081e00000,0x000000008262f810,0x0000000085180000)
 Metaspace       used 28480K, capacity 30506K, committed 30848K, reserved 1075200K
  class space    used 3699K, capacity 4105K, committed 4224K, reserved 1048576K
}
Event: 14.028 GC heap before
{Heap before GC invocations=9 (full 1):
 PSYoungGen      total 142848K, used 93132K [0x00000000d5f80000, 0x00000000df480000, 0x0000000100000000)
  eden space 133120K, 62% used [0x00000000d5f80000,0x00000000db0f73b0,0x00000000de180000)
  from space 9728K, 99% used [0x00000000de180000,0x00000000deafbec0,0x00000000deb00000)
  to   space 9216K, 0% used [0x00000000deb80000,0x00000000deb80000,0x00000000df480000)
 ParOldGen       total 52736K, used 8382K [0x0000000081e00000, 0x0000000085180000, 0x00000000d5f80000)
  object space 52736K, 15% used [0x0000000081e00000,0x000000008262f810,0x0000000085180000)
 Metaspace       used 33071K, capacity 35328K, committed 35416K, reserved 1079296K
  class space    used 4235K, capacity 4682K, committed 4736K, reserved 1048576K
Event: 14.042 GC heap after
Heap after GC invocations=9 (full 1):
 PSYoungGen      total 139264K, used 9203K [0x00000000d5f80000, 0x00000000e4c00000, 0x0000000100000000)
  eden space 130048K, 0% used [0x00000000d5f80000,0x00000000d5f80000,0x00000000dde80000)
  from space 9216K, 99% used [0x00000000deb80000,0x00000000df47cd40,0x00000000df480000)
  to   space 13312K, 0% used [0x00000000dde80000,0x00000000dde80000,0x00000000deb80000)
 ParOldGen       total 52736K, used 9876K [0x0000000081e00000, 0x0000000085180000, 0x00000000d5f80000)
  object space 52736K, 18% used [0x0000000081e00000,0x00000000827a5388,0x0000000085180000)
 Metaspace       used 33071K, capacity 35328K, committed 35416K, reserved 1079296K
  class space    used 4235K, capacity 4682K, committed 4736K, reserved 1048576K
}
Event: 14.042 GC heap before
{Heap before GC invocations=10 (full 2):
 PSYoungGen      total 139264K, used 9203K [0x00000000d5f80000, 0x00000000e4c00000, 0x0000000100000000)
  eden space 130048K, 0% used [0x00000000d5f80000,0x00000000d5f80000,0x00000000dde80000)
  from space 9216K, 99% used [0x00000000deb80000,0x00000000df47cd40,0x00000000df480000)
  to   space 13312K, 0% used [0x00000000dde80000,0x00000000dde80000,0x00000000deb80000)
 ParOldGen       total 52736K, used 9876K [0x0000000081e00000, 0x0000000085180000, 0x00000000d5f80000)
  object space 52736K, 18% used [0x0000000081e00000,0x00000000827a5388,0x0000000085180000)
 Metaspace       used 33071K, capacity 35328K, committed 35416K, reserved 1079296K
  class space    used 4235K, capacity 4682K, committed 4736K, reserved 1048576K
Event: 14.126 GC heap after
Heap after GC invocations=10 (full 2):
 PSYoungGen      total 139264K, used 0K [0x00000000d5f80000, 0x00000000e4c00000, 0x0000000100000000)
  eden space 130048K, 0% used [0x00000000d5f80000,0x00000000d5f80000,0x00000000dde80000)
  from space 9216K, 0% used [0x00000000deb80000,0x00000000deb80000,0x00000000df480000)
  to   space 13312K, 0% used [0x00000000dde80000,0x00000000dde80000,0x00000000deb80000)
 ParOldGen       total 77824K, used 15354K [0x0000000081e00000, 0x0000000086a00000, 0x00000000d5f80000)
  object space 77824K, 19% used [0x0000000081e00000,0x0000000082cfea20,0x0000000086a00000)
 Metaspace       used 33071K, capacity 35328K, committed 35416K, reserved 1079296K
  class space    used 4235K, capacity 4682K, committed 4736K, reserved 1048576K
}

