# JRE version: OpenJDK Runtime Environment (8.0_272-b10) (build 1.8.0_272-b10)
# Java VM: OpenJDK 64-Bit Server VM (25.272-b10 mixed mode windows-amd64 compressed oops)
Heap:
 PSYoungGen      total 142848K, used 33873K [0x00000000d5f80000, 0x00000000e3000000, 0x0000000100000000)
  eden space 133120K, 18% used [0x00000000d5f80000,0x00000000d7716688,0x00000000de180000)
  from space 9728K, 99% used [0x00000000de180000,0x00000000deafdef0,0x00000000deb00000)
  to   space 16384K, 0% used [0x00000000e2000000,0x00000000e2000000,0x00000000e3000000)
 ParOldGen       total 76288K, used 22124K [0x0000000081e00000, 0x0000000086880000, 0x00000000d5f80000)
  object space 76288K, 29% used [0x0000000081e00000,0x000000008339b348,0x0000000086880000)
 Metaspace       used 50996K, capacity 53526K, committed 53976K, reserved 1095680K
  class space    used 6891K, capacity 7345K, committed 7424K, reserved 1048576K
GC Heap History (10 events):
Event: 4.468 GC heap before
{Heap before GC invocations=7 (full 1):
 PSYoungGen      total 142336K, used 5613K [0x00000000d5f80000, 0x00000000df480000, 0x0000000100000000)
  eden space 133120K, 0% used [0x00000000d5f80000,0x00000000d5f80000,0x00000000de180000)
  from space 9216K, 60% used [0x00000000deb80000,0x00000000df0fb408,0x00000000df480000)
  to   space 9728K, 0% used [0x00000000de180000,0x00000000de180000,0x00000000deb00000)
 ParOldGen       total 87552K, used 6280K [0x0000000081e00000, 0x0000000087380000, 0x00000000d5f80000)
  object space 87552K, 7% used [0x0000000081e00000,0x00000000824221d8,0x0000000087380000)
 Metaspace       used 20250K, capacity 21176K, committed 21248K, reserved 1067008K
  class space    used 2541K, capacity 2764K, committed 2816K, reserved 1048576K
Event: 4.514 GC heap after
Heap after GC invocations=7 (full 1):
 PSYoungGen      total 142336K, used 0K [0x00000000d5f80000, 0x00000000df480000, 0x0000000100000000)
  eden space 133120K, 0% used [0x00000000d5f80000,0x00000000d5f80000,0x00000000de180000)
  from space 9216K, 0% used [0x00000000deb80000,0x00000000deb80000,0x00000000df480000)
  to   space 9728K, 0% used [0x00000000de180000,0x00000000de180000,0x00000000deb00000)
 ParOldGen       total 51712K, used 5860K [0x0000000081e00000, 0x0000000085080000, 0x00000000d5f80000)
  object space 51712K, 11% used [0x0000000081e00000,0x00000000823b9140,0x0000000085080000)
 Metaspace       used 20250K, capacity 21176K, committed 21248K, reserved 1067008K
  class space    used 2541K, capacity 2764K, committed 2816K, reserved 1048576K
}
Event: 9.368 GC heap before
{Heap before GC invocations=8 (full 1):
 PSYoungGen      total 142336K, used 133069K [0x00000000d5f80000, 0x00000000df480000, 0x0000000100000000)
  eden space 133120K, 99% used [0x00000000d5f80000,0x00000000de1735d0,0x00000000de180000)
  from space 9216K, 0% used [0x00000000deb80000,0x00000000deb80000,0x00000000df480000)
  to   space 9728K, 0% used [0x00000000de180000,0x00000000de180000,0x00000000deb00000)
 ParOldGen       total 51712K, used 5860K [0x0000000081e00000, 0x0000000085080000, 0x00000000d5f80000)
  object space 51712K, 11% used [0x0000000081e00000,0x00000000823b9140,0x0000000085080000)
 Metaspace       used 28507K, capacity 30566K, committed 30848K, reserved 1075200K
  class space    used 3697K, capacity 4105K, committed 4224K, reserved 1048576K
Event: 9.387 GC heap after
Heap after GC invocations=8 (full 1):
 PSYoungGen      total 142848K, used 9717K [0x00000000d5f80000, 0x00000000df480000, 0x0000000100000000)
  eden space 133120K, 0% used [0x00000000d5f80000,0x00000000d5f80000,0x00000000de180000)
  from space 9728K, 99% used [0x00000000de180000,0x00000000deafd478,0x00000000deb00000)
  to   space 9216K, 0% used [0x00000000deb80000,0x00000000deb80000,0x00000000df480000)
 ParOldGen       total 51712K, used 8203K [0x0000000081e00000, 0x0000000085080000, 0x00000000d5f80000)
  object space 51712K, 15% used [0x0000000081e00000,0x0000000082602df8,0x0000000085080000)
 Metaspace       used 28507K, capacity 30566K, committed 30848K, reserved 1075200K
  class space    used 3697K, capacity 4105K, committed 4224K, reserved 1048576K
}
Event: 12.530 GC heap before
{Heap before GC invocations=9 (full 1):
 PSYoungGen      total 142848K, used 93921K [0x00000000d5f80000, 0x00000000df480000, 0x0000000100000000)
  eden space 133120K, 63% used [0x00000000d5f80000,0x00000000db1bb258,0x00000000de180000)
  from space 9728K, 99% used [0x00000000de180000,0x00000000deafd478,0x00000000deb00000)
  to   space 9216K, 0% used [0x00000000deb80000,0x00000000deb80000,0x00000000df480000)
 ParOldGen       total 51712K, used 8203K [0x0000000081e00000, 0x0000000085080000, 0x00000000d5f80000)
  object space 51712K, 15% used [0x0000000081e00000,0x0000000082602df8,0x0000000085080000)
 Metaspace       used 33102K, capacity 35328K, committed 35416K, reserved 1079296K
  class space    used 4235K, capacity 4682K, committed 4736K, reserved 1048576K
Event: 12.550 GC heap after
Heap after GC invocations=9 (full 1):
 PSYoungGen      total 142336K, used 9195K [0x00000000d5f80000, 0x00000000df480000, 0x0000000100000000)
  eden space 133120K, 0% used [0x00000000d5f80000,0x00000000d5f80000,0x00000000de180000)
  from space 9216K, 99% used [0x00000000deb80000,0x00000000df47aea0,0x00000000df480000)
  to   space 9728K, 0% used [0x00000000de180000,0x00000000de180000,0x00000000deb00000)
 ParOldGen       total 51712K, used 9724K [0x0000000081e00000, 0x0000000085080000, 0x00000000d5f80000)
  object space 51712K, 18% used [0x0000000081e00000,0x000000008277f340,0x0000000085080000)
 Metaspace       used 33102K, capacity 35328K, committed 35416K, reserved 1079296K
  class space    used 4235K, capacity 4682K, committed 4736K, reserved 1048576K
}
Event: 12.550 GC heap before
{Heap before GC invocations=10 (full 2):
 PSYoungGen      total 142336K, used 9195K [0x00000000d5f80000, 0x00000000df480000, 0x0000000100000000)
  eden space 133120K, 0% used [0x00000000d5f80000,0x00000000d5f80000,0x00000000de180000)
  from space 9216K, 99% used [0x00000000deb80000,0x00000000df47aea0,0x00000000df480000)
  to   space 9728K, 0% used [0x00000000de180000,0x00000000de180000,0x00000000deb00000)
 ParOldGen       total 51712K, used 9724K [0x0000000081e00000, 0x0000000085080000, 0x00000000d5f80000)
  object space 51712K, 18% used [0x0000000081e00000,0x000000008277f340,0x0000000085080000)
 Metaspace       used 33102K, capacity 35328K, committed 35416K, reserved 1079296K
  class space    used 4235K, capacity 4682K, committed 4736K, reserved 1048576K
Event: 12.638 GC heap after
Heap after GC invocations=10 (full 2):
 PSYoungGen      total 142336K, used 0K [0x00000000d5f80000, 0x00000000df480000, 0x0000000100000000)
  eden space 133120K, 0% used [0x00000000d5f80000,0x00000000d5f80000,0x00000000de180000)
  from space 9216K, 0% used [0x00000000deb80000,0x00000000deb80000,0x00000000df480000)
  to   space 9728K, 0% used [0x00000000de180000,0x00000000de180000,0x00000000deb00000)
 ParOldGen       total 76288K, used 15371K [0x0000000081e00000, 0x0000000086880000, 0x00000000d5f80000)
  object space 76288K, 20% used [0x0000000081e00000,0x0000000082d02e70,0x0000000086880000)
 Metaspace       used 33102K, capacity 35328K, committed 35416K, reserved 1079296K
  class space    used 4235K, capacity 4682K, committed 4736K, reserved 1048576K
}
Event: 17.145 GC heap before
{Heap before GC invocations=11 (full 2):
 PSYoungGen      total 142336K, used 133120K [0x00000000d5f80000, 0x00000000df480000, 0x0000000100000000)
  eden space 133120K, 100% used [0x00000000d5f80000,0x00000000de180000,0x00000000de180000)
  from space 9216K, 0% used [0x00000000deb80000,0x00000000deb80000,0x00000000df480000)
  to   space 9728K, 0% used [0x00000000de180000,0x00000000de180000,0x00000000deb00000)
 ParOldGen       total 76288K, used 15371K [0x0000000081e00000, 0x0000000086880000, 0x00000000d5f80000)
  object space 76288K, 20% used [0x0000000081e00000,0x0000000082d02e70,0x0000000086880000)
 Metaspace       used 48593K, capacity 51042K, committed 51288K, reserved 1093632K
  class space    used 6588K, capacity 7035K, committed 7040K, reserved 1048576K
Event: 17.163 GC heap after
Heap after GC invocations=11 (full 2):
 PSYoungGen      total 142848K, used 9719K [0x00000000d5f80000, 0x00000000e3000000, 0x0000000100000000)
  eden space 133120K, 0% used [0x00000000d5f80000,0x00000000d5f80000,0x00000000de180000)
  from space 9728K, 99% used [0x00000000de180000,0x00000000deafdef0,0x00000000deb00000)
  to   space 16384K, 0% used [0x00000000e2000000,0x00000000e2000000,0x00000000e3000000)
 ParOldGen       total 76288K, used 22124K [0x0000000081e00000, 0x0000000086880000, 0x00000000d5f80000)
  object space 76288K, 29% used [0x0000000081e00000,0x000000008339b348,0x0000000086880000)
 Metaspace       used 48593K, capacity 51042K, committed 51288K, reserved 1093632K
  class space    used 6588K, capacity 7035K, committed 7040K, reserved 1048576K
}

